<?xml version="1.0" encoding="UTF-8"?>
<!-- Generated by org.testng.reporters.JUnitReportReporter -->
<testsuite hostname="Sunils-MacBook-Pro-2.local" failures="0" tests="2" name="cowin.book_appoinment" time="1.898" errors="0" timestamp="2021-05-25T21:37:53 IST" skipped="0">
  <testcase classname="cowin.book_appoinment" name="check_vacination_same_day" time="1.656"/>
  <system-out/>
  <testcase classname="cowin.book_appoinment" name="check_vacination_nextday" time="0.242"/>
  <system-out/>
</testsuite> <!-- cowin.book_appoinment -->
