<?xml version="1.0" encoding="UTF-8"?>
<!-- Generated by org.testng.reporters.JUnitReportReporter -->
<testsuite skipped="0" hostname="Sunils-MacBook-Pro.local" name="cowin.book_appoinment" tests="2" failures="0" timestamp="2021-05-26T06:50:03 IST" time="3.963" errors="0">
  <testcase name="check_vacination_same_day" time="2.895" classname="cowin.book_appoinment"/>
  <system-out/>
  <testcase name="check_vacination_nextday" time="1.068" classname="cowin.book_appoinment"/>
  <system-out/>
</testsuite> <!-- cowin.book_appoinment -->
