<?xml version="1.0" encoding="UTF-8"?>
<!-- Generated by org.testng.reporters.JUnitReportReporter -->
<testsuite hostname="Sunils-MacBook-Pro.local" failures="0" tests="2" name="cowin.book_appoinment" time="2.840" errors="0" timestamp="2021-05-25T23:47:57 IST" skipped="0">
  <testcase classname="cowin.book_appoinment" name="check_vacination_same_day" time="2.591"/>
  <system-out/>
  <testcase classname="cowin.book_appoinment" name="check_vacination_nextday" time="0.249"/>
  <system-out/>
</testsuite> <!-- cowin.book_appoinment -->
