<?xml version="1.0" encoding="UTF-8"?>
<!-- Generated by org.testng.reporters.JUnitReportReporter -->
<testsuite skipped="0" hostname="Sunils-MacBook-Pro.local" name="cowin.book_appoinment" tests="2" failures="0" timestamp="2021-05-26T08:36:59 IST" time="2.177" errors="0">
  <testcase name="check_vacination_same_day" time="1.948" classname="cowin.book_appoinment"/>
  <system-out/>
  <testcase name="check_vacination_nextday" time="0.229" classname="cowin.book_appoinment"/>
  <system-out/>
</testsuite> <!-- cowin.book_appoinment -->
